<?xml version="1.0" encoding="UTF-8" ?>
<testsuite tests="4" failures="4" name="assertqa.RunCucumberTest" time="15.024" errors="0" skipped="0">
  <properties>
[...]
</properties>
  <testcase classname="Contact us form" name="Sending a message via Contact us form #1" time="5.396">
    <failure type="java.lang.AssertionError">java.lang.AssertionError
	at org.junit.Assert.fail(Assert.java:87)
	at org.junit.Assert.assertTrue(Assert.java:42)
	at org.junit.Assert.assertTrue(Assert.java:53)
	at assertqa.StepDefinitions.iShouldBeTold(StepDefinitions.java:114)
	at ✽.I should be told &quot;Thank You! Your message has been sent.&quot;(classpath:assertqa/contact_us.feature:11)
</failure>
    <system-out>
Scenario Outline: Sending a message via Contact us form          &amp;#27;[90m# assertqa/contact_us.feature:16&amp;#27;[0m
  &amp;#27;[32mGiven &amp;#27;[0m&amp;#27;[32mI am on homepage&amp;#27;[0m                                         &amp;#27;[90m# assertqa.StepDefinitions.iAmOnHomepage()&amp;#27;[0m
  &amp;#27;[32mWhen &amp;#27;[0m&amp;#27;[32mI click on the CONTACT US button&amp;#27;[0m                          &amp;#27;[90m# assertqa.StepDefinitions.iClickOnCONTACTUSButton()&amp;#27;[0m
  &amp;#27;[32mAnd &amp;#27;[0m&amp;#27;[32mI enter &amp;#27;[0m&amp;#27;[32m&amp;#27;[1m&quot;Jovan Jovanovic&quot;&amp;#27;[0m&amp;#27;[32m in Full Name field&amp;#27;[0m               &amp;#27;[90m# assertqa.StepDefinitions.iEnterInFullNameField(java.lang.String)&amp;#27;[0m
  &amp;#27;[32mAnd &amp;#27;[0m&amp;#27;[32mI enter &amp;#27;[0m&amp;#27;[32m&amp;#27;[1m&quot;jjovanovictest@gmail.com&quot;&amp;#27;[0m&amp;#27;[32m in Email field&amp;#27;[0m          &amp;#27;[90m# assertqa.StepDefinitions.iEnterInEmailField(java.lang.String)&amp;#27;[0m
  &amp;#27;[32mAnd &amp;#27;[0m&amp;#27;[32mI enter &amp;#27;[0m&amp;#27;[32m&amp;#27;[1m&quot;Test&quot;&amp;#27;[0m&amp;#27;[32m in Message field&amp;#27;[0m                            &amp;#27;[90m# assertqa.StepDefinitions.iEnterInMessageField(java.lang.String)&amp;#27;[0m
  &amp;#27;[32mAnd &amp;#27;[0m&amp;#27;[32mI click on the SEND MESSAGE button&amp;#27;[0m                         &amp;#27;[90m# assertqa.StepDefinitions.iClickOnTheSENDMESSAGEButton()&amp;#27;[0m
  &amp;#27;[31mThen &amp;#27;[0m&amp;#27;[31mI should be told &amp;#27;[0m&amp;#27;[31m&amp;#27;[1m&quot;Thank You! Your message has been sent.&quot;&amp;#27;[0m &amp;#27;[90m# assertqa.StepDefinitions.iShouldBeTold(java.lang.String)&amp;#27;[0m
      &amp;#27;[31mjava.lang.AssertionError
	at org.junit.Assert.fail(Assert.java:87)
	at org.junit.Assert.assertTrue(Assert.java:42)
	at org.junit.Assert.assertTrue(Assert.java:53)
	at assertqa.StepDefinitions.iShouldBeTold(StepDefinitions.java:114)
	at âœ½.I should be told &quot;Thank You! Your message has been sent.&quot;(classpath:assertqa/contact_us.feature:11)
&amp;#27;[0m
</system-out>
    <system-err>Starting ChromeDriver 91.0.4472.101 (af52a90bf87030dd1523486a1cd3ae25c5d76c9b-refs/branch-heads/4472@{#1462}) on port 33952
Only local connections are allowed.
Please see https://chromedriver.chromium.org/security-considerations for suggestions on keeping ChromeDriver safe.
ChromeDriver was started successfully.
Jun 28, 2021 11:32:10 AM org.openqa.selenium.remote.ProtocolHandshake createSession
INFO: Detected dialect: W3C
</system-err>
  </testcase>
  <testcase classname="Contact us form" name="Sending a message via Contact us form #2" time="3.331">
    <failure type="java.lang.AssertionError">java.lang.AssertionError
	at org.junit.Assert.fail(Assert.java:87)
	at org.junit.Assert.assertTrue(Assert.java:42)
	at org.junit.Assert.assertTrue(Assert.java:53)
	at assertqa.StepDefinitions.iShouldBeTold(StepDefinitions.java:114)
	at ✽.I should be told &quot;Invalid name&quot;(classpath:assertqa/contact_us.feature:11)
</failure>
    <system-out>
Scenario Outline: Sending a message via Contact us form &amp;#27;[90m# assertqa/contact_us.feature:17&amp;#27;[0m
  &amp;#27;[32mGiven &amp;#27;[0m&amp;#27;[32mI am on homepage&amp;#27;[0m                                &amp;#27;[90m# assertqa.StepDefinitions.iAmOnHomepage()&amp;#27;[0m
  &amp;#27;[32mWhen &amp;#27;[0m&amp;#27;[32mI click on the CONTACT US button&amp;#27;[0m                 &amp;#27;[90m# assertqa.StepDefinitions.iClickOnCONTACTUSButton()&amp;#27;[0m
  &amp;#27;[32mAnd &amp;#27;[0m&amp;#27;[32mI enter &amp;#27;[0m&amp;#27;[32m&amp;#27;[1m&quot;&quot;&amp;#27;[0m&amp;#27;[32m in Full Name field&amp;#27;[0m                     &amp;#27;[90m# assertqa.StepDefinitions.iEnterInFullNameField(java.lang.String)&amp;#27;[0m
  &amp;#27;[32mAnd &amp;#27;[0m&amp;#27;[32mI enter &amp;#27;[0m&amp;#27;[32m&amp;#27;[1m&quot;jjovanovictest@gmail.com&quot;&amp;#27;[0m&amp;#27;[32m in Email field&amp;#27;[0m &amp;#27;[90m# assertqa.StepDefinitions.iEnterInEmailField(java.lang.String)&amp;#27;[0m
  &amp;#27;[32mAnd &amp;#27;[0m&amp;#27;[32mI enter &amp;#27;[0m&amp;#27;[32m&amp;#27;[1m&quot;Test&quot;&amp;#27;[0m&amp;#27;[32m in Message field&amp;#27;[0m                   &amp;#27;[90m# assertqa.StepDefinitions.iEnterInMessageField(java.lang.String)&amp;#27;[0m
  &amp;#27;[32mAnd &amp;#27;[0m&amp;#27;[32mI click on the SEND MESSAGE button&amp;#27;[0m                &amp;#27;[90m# assertqa.StepDefinitions.iClickOnTheSENDMESSAGEButton()&amp;#27;[0m
  &amp;#27;[31mThen &amp;#27;[0m&amp;#27;[31mI should be told &amp;#27;[0m&amp;#27;[31m&amp;#27;[1m&quot;Invalid name&quot;&amp;#27;[0m                  &amp;#27;[90m# assertqa.StepDefinitions.iShouldBeTold(java.lang.String)&amp;#27;[0m
      &amp;#27;[31mjava.lang.AssertionError
	at org.junit.Assert.fail(Assert.java:87)
	at org.junit.Assert.assertTrue(Assert.java:42)
	at org.junit.Assert.assertTrue(Assert.java:53)
	at assertqa.StepDefinitions.iShouldBeTold(StepDefinitions.java:114)
	at âœ½.I should be told &quot;Invalid name&quot;(classpath:assertqa/contact_us.feature:11)
&amp;#27;[0m
</system-out>
    <system-err>Starting ChromeDriver 91.0.4472.101 (af52a90bf87030dd1523486a1cd3ae25c5d76c9b-refs/branch-heads/4472@{#1462}) on port 31287
Only local connections are allowed.
Please see https://chromedriver.chromium.org/security-considerations for suggestions on keeping ChromeDriver safe.
ChromeDriver was started successfully.
Jun 28, 2021 11:32:14 AM org.openqa.selenium.remote.ProtocolHandshake createSession
INFO: Detected dialect: W3C
</system-err>
  </testcase>
  <testcase classname="Contact us form" name="Sending a message via Contact us form #3" time="3.064">
    <failure type="java.lang.AssertionError">java.lang.AssertionError
	at org.junit.Assert.fail(Assert.java:87)
	at org.junit.Assert.assertTrue(Assert.java:42)
	at org.junit.Assert.assertTrue(Assert.java:53)
	at assertqa.StepDefinitions.iShouldBeTold(StepDefinitions.java:114)
	at ✽.I should be told &quot;Incorrect mail&quot;(classpath:assertqa/contact_us.feature:11)
</failure>
    <system-out>
Scenario Outline: Sending a message via Contact us form &amp;#27;[90m# assertqa/contact_us.feature:18&amp;#27;[0m
  &amp;#27;[32mGiven &amp;#27;[0m&amp;#27;[32mI am on homepage&amp;#27;[0m                                &amp;#27;[90m# assertqa.StepDefinitions.iAmOnHomepage()&amp;#27;[0m
  &amp;#27;[32mWhen &amp;#27;[0m&amp;#27;[32mI click on the CONTACT US button&amp;#27;[0m                 &amp;#27;[90m# assertqa.StepDefinitions.iClickOnCONTACTUSButton()&amp;#27;[0m
  &amp;#27;[32mAnd &amp;#27;[0m&amp;#27;[32mI enter &amp;#27;[0m&amp;#27;[32m&amp;#27;[1m&quot;Jovan Jovanovic&quot;&amp;#27;[0m&amp;#27;[32m in Full Name field&amp;#27;[0m      &amp;#27;[90m# assertqa.StepDefinitions.iEnterInFullNameField(java.lang.String)&amp;#27;[0m
  &amp;#27;[32mAnd &amp;#27;[0m&amp;#27;[32mI enter &amp;#27;[0m&amp;#27;[32m&amp;#27;[1m&quot;&quot;&amp;#27;[0m&amp;#27;[32m in Email field&amp;#27;[0m                         &amp;#27;[90m# assertqa.StepDefinitions.iEnterInEmailField(java.lang.String)&amp;#27;[0m
  &amp;#27;[32mAnd &amp;#27;[0m&amp;#27;[32mI enter &amp;#27;[0m&amp;#27;[32m&amp;#27;[1m&quot;Test&quot;&amp;#27;[0m&amp;#27;[32m in Message field&amp;#27;[0m                   &amp;#27;[90m# assertqa.StepDefinitions.iEnterInMessageField(java.lang.String)&amp;#27;[0m
  &amp;#27;[32mAnd &amp;#27;[0m&amp;#27;[32mI click on the SEND MESSAGE button&amp;#27;[0m                &amp;#27;[90m# assertqa.StepDefinitions.iClickOnTheSENDMESSAGEButton()&amp;#27;[0m
  &amp;#27;[31mThen &amp;#27;[0m&amp;#27;[31mI should be told &amp;#27;[0m&amp;#27;[31m&amp;#27;[1m&quot;Incorrect mail&quot;&amp;#27;[0m                &amp;#27;[90m# assertqa.StepDefinitions.iShouldBeTold(java.lang.String)&amp;#27;[0m
      &amp;#27;[31mjava.lang.AssertionError
	at org.junit.Assert.fail(Assert.java:87)
	at org.junit.Assert.assertTrue(Assert.java:42)
	at org.junit.Assert.assertTrue(Assert.java:53)
	at assertqa.StepDefinitions.iShouldBeTold(StepDefinitions.java:114)
	at âœ½.I should be told &quot;Incorrect mail&quot;(classpath:assertqa/contact_us.feature:11)
&amp;#27;[0m
</system-out>
    <system-err>Starting ChromeDriver 91.0.4472.101 (af52a90bf87030dd1523486a1cd3ae25c5d76c9b-refs/branch-heads/4472@{#1462}) on port 11945
Only local connections are allowed.
Please see https://chromedriver.chromium.org/security-considerations for suggestions on keeping ChromeDriver safe.
ChromeDriver was started successfully.
Jun 28, 2021 11:32:17 AM org.openqa.selenium.remote.ProtocolHandshake createSession
INFO: Detected dialect: W3C
</system-err>
  </testcase>
  <testcase classname="Contact us form" name="Sending a message via Contact us form #4" time="3.233">
    <failure type="java.lang.AssertionError">java.lang.AssertionError
	at org.junit.Assert.fail(Assert.java:87)
	at org.junit.Assert.assertTrue(Assert.java:42)
	at org.junit.Assert.assertTrue(Assert.java:53)
	at assertqa.StepDefinitions.iShouldBeTold(StepDefinitions.java:114)
	at ✽.I should be told &quot;Oops! There was a problem with your submission. Please complete the form and try again.&quot;(classpath:assertqa/contact_us.feature:11)
</failure>
    <system-out>
Scenario Outline: Sending a message via Contact us form                                                           &amp;#27;[90m# assertqa/contact_us.feature:19&amp;#27;[0m
  &amp;#27;[32mGiven &amp;#27;[0m&amp;#27;[32mI am on homepage&amp;#27;[0m                                                                                          &amp;#27;[90m# assertqa.StepDefinitions.iAmOnHomepage()&amp;#27;[0m
  &amp;#27;[32mWhen &amp;#27;[0m&amp;#27;[32mI click on the CONTACT US button&amp;#27;[0m                                                                           &amp;#27;[90m# assertqa.StepDefinitions.iClickOnCONTACTUSButton()&amp;#27;[0m
  &amp;#27;[32mAnd &amp;#27;[0m&amp;#27;[32mI enter &amp;#27;[0m&amp;#27;[32m&amp;#27;[1m&quot;Jovan Jovanovic&quot;&amp;#27;[0m&amp;#27;[32m in Full Name field&amp;#27;[0m                                                                &amp;#27;[90m# assertqa.StepDefinitions.iEnterInFullNameField(java.lang.String)&amp;#27;[0m
  &amp;#27;[32mAnd &amp;#27;[0m&amp;#27;[32mI enter &amp;#27;[0m&amp;#27;[32m&amp;#27;[1m&quot;jjovanovictest@gmail.com&quot;&amp;#27;[0m&amp;#27;[32m in Email field&amp;#27;[0m                                                           &amp;#27;[90m# assertqa.StepDefinitions.iEnterInEmailField(java.lang.String)&amp;#27;[0m
  &amp;#27;[32mAnd &amp;#27;[0m&amp;#27;[32mI enter &amp;#27;[0m&amp;#27;[32m&amp;#27;[1m&quot;&quot;&amp;#27;[0m&amp;#27;[32m in Message field&amp;#27;[0m                                                                                 &amp;#27;[90m# assertqa.StepDefinitions.iEnterInMessageField(java.lang.String)&amp;#27;[0m
  &amp;#27;[32mAnd &amp;#27;[0m&amp;#27;[32mI click on the SEND MESSAGE button&amp;#27;[0m                                                                          &amp;#27;[90m# assertqa.StepDefinitions.iClickOnTheSENDMESSAGEButton()&amp;#27;[0m
  &amp;#27;[31mThen &amp;#27;[0m&amp;#27;[31mI should be told &amp;#27;[0m&amp;#27;[31m&amp;#27;[1m&quot;Oops! There was a problem with your submission. Please complete the form and try again.&quot;&amp;#27;[0m &amp;#27;[90m# assertqa.StepDefinitions.iShouldBeTold(java.lang.String)&amp;#27;[0m
      &amp;#27;[31mjava.lang.AssertionError
	at org.junit.Assert.fail(Assert.java:87)
	at org.junit.Assert.assertTrue(Assert.java:42)
	at org.junit.Assert.assertTrue(Assert.java:53)
	at assertqa.StepDefinitions.iShouldBeTold(StepDefinitions.java:114)
	at âœ½.I should be told &quot;Oops! There was a problem with your submission. Please complete the form and try again.&quot;(classpath:assertqa/contact_us.feature:11)
&amp;#27;[0m
</system-out>
    <system-err>Starting ChromeDriver 91.0.4472.101 (af52a90bf87030dd1523486a1cd3ae25c5d76c9b-refs/branch-heads/4472@{#1462}) on port 38866
Only local connections are allowed.
Please see https://chromedriver.chromium.org/security-considerations for suggestions on keeping ChromeDriver safe.
ChromeDriver was started successfully.
Jun 28, 2021 11:32:21 AM org.openqa.selenium.remote.ProtocolHandshake createSession
INFO: Detected dialect: W3C
</system-err>
  </testcase>
</testsuite>